<?xml version="1.0" encoding="utf-8"?><testsuites><testsuite name="pytest" errors="0" failures="0" skipped="3" tests="38" time="82.949" timestamp="2021-07-03T15:52:08.001476" hostname="MSI"><testcase classname="tests.test_process_tweet.TwitterProcessTestCase" name="test_all_process_nlp" time="1.736" /><testcase classname="tests.test_process_tweet.TwitterProcessTestCase" name="test_all_process_sent_it" time="0.408" /><testcase classname="tests.test_process_tweet.TwitterProcessTestCase" name="test_eng_process" time="5.329" /><testcase classname="tests.test_process_tweet.TwitterProcessTestCase" name="test_ita_process" time="18.918" /><testcase classname="tests.test_process_tweet.TwitterProcessTestCase" name="test_process_all_entity_linker" time="1.560" /><testcase classname="tests.test_process_tweet.TwitterProcessTestCase" name="test_process_all_feel_it" time="12.955" /><testcase classname="tests.test_process_tweet.TwitterProcessTestCase" name="test_process_all_geo_city_country" time="0.170" /><testcase classname="tests.test_process_tweet.TwitterProcessTestCase" name="test_process_all_tweets_to_geo_user_location" time="0.516" /><testcase classname="tests.test_process_tweet.TwitterProcessTestCase" name="test_process_entity_linker" time="3.345" /><testcase classname="tests.test_process_tweet.TwitterProcessTestCase" name="test_process_feel_it" time="12.996" /><testcase classname="tests.test_process_tweet.TwitterProcessTestCase" name="test_process_geo_city_country" time="0.255" /><testcase classname="tests.test_process_tweet.TwitterProcessTestCase" name="test_process_geo_user_location" time="0.519" /><testcase classname="tests.test_process_tweet.TwitterProcessTestCase" name="test_process_nlp" time="1.746" /><testcase classname="tests.test_process_tweet.TwitterProcessTestCase" name="test_process_sent_it" time="0.411" /><testcase classname="tests.test_twitter_search.TwitterSearchTestCase" name="test429Error1Second" time="4.317" /><testcase classname="tests.test_twitter_search.TwitterSearchTestCase" name="test429Error300request" time="0.003"><skipped type="pytest.skip" message="Skipped">C:\Users\Dario\PycharmProjects\HateTweetMap\tests\test_twitter_search.py:43: Skipped</skipped></testcase><testcase classname="tests.test_twitter_search.TwitterSearchTestCase" name="testMaxResult" time="0.031" /><testcase classname="tests.test_twitter_search.TwitterSearchTestCase" name="testMultiUser" time="3.560" /><testcase classname="tests.test_twitter_search.TwitterSearchTestCase" name="testOnlyUser" time="0.333" /><testcase classname="tests.test_twitter_search.TwitterSearchTestCase" name="test_all_tweets" time="0.032" /><testcase classname="tests.test_twitter_search.TwitterSearchTestCase" name="test_all_tweets2" time="0.015" /><testcase classname="tests.test_twitter_search.TwitterSearchTestCase" name="test_n_results_greater_than_500" time="0.001"><skipped type="pytest.skip" message="Skipped">C:\Users\Dario\PycharmProjects\HateTweetMap\tests\test_twitter_search.py:261: Skipped</skipped></testcase><testcase classname="tests.test_twitter_search.TwitterSearchTestCase" name="test_n_results_less_than_10" time="1.728" /><testcase classname="tests.test_twitter_search.TwitterSearchTestCase" name="test_no_next_token" time="0.014" /><testcase classname="tests.test_twitter_search.TwitterSearchTestCase" name="test_no_next_token_2calls" time="0.014" /><testcase classname="tests.test_user_search.UsersSearchTestCase" name="test_429_error" time="0.001"><skipped type="pytest.skip" message="Skipped">C:\Users\Dario\PycharmProjects\HateTweetMap\tests\test_user_search.py:87: Skipped</skipped></testcase><testcase classname="tests.test_user_search.UsersSearchTestCase" name="test_more_than_100_users" time="0.703" /><testcase classname="tests.test_user_search.UsersSearchTestCase" name="test_more_than_100_users2" time="3.338" /><testcase classname="tests.test_user_search.UsersSearchTestCase" name="test_more_than_100_users3" time="3.765" /><testcase classname="tests.test_user_search.UsersSearchTestCase" name="test_no_valid_id" time="0.307" /><testcase classname="tests.test_user_search.UsersSearchTestCase" name="test_not_only_valid_id" time="0.316" /><testcase classname="tests.test_util.UtilTestCase" name="test_geo" time="0.006" /><testcase classname="tests.test_util.UtilTestCase" name="test_mention" time="0.004" /><testcase classname="tests.test_util.UtilTestCase" name="test_mention2" time="0.004" /><testcase classname="tests.test_util.UtilTestCase" name="test_no_retweeted" time="0.004" /><testcase classname="tests.test_util.UtilTestCase" name="test_possibly_sensitive" time="0.004" /><testcase classname="tests.test_util.UtilTestCase" name="test_referenced_tweet" time="0.003" /><testcase classname="tests.test_util.UtilTestCase" name="test_user_location" time="0.002" /></testsuite></testsuites>